EqnxiVxiuSxnyuyrfZIinFvYZWLiyxsQ,000-0000-0000
vGOPFFPdCMaczQKhdrnecqtETxgniOul,000-0000-0000
PtUfexouaTAoKrFTppexmtCFaMHTHNzk,000-0000-0000
IUKCQzrcWPGpMpXSoDExYfnpOgvUNckq,000-0000-0000
APLwSIqvhNiPKpYAlYgeYQVRcXpbBfSv,000-0000-0000
ZvaveUyFQoCuNFJNAQIEKjBBcdnDHKHk,000-0000-0000
kxiyHrheDnrvhgPXBFurdRcVQjPztkOv,000-0000-0000
NOpPPpChywYLgDHSFKlEamNMkGkngOwQ,000-0000-0000
NvteuPOOSVHYPTfqBSZYndTrjnFPkOHi,000-0000-0000
nuMpMrgDvmGuReIqHROSXIUEnVfRAkRb,000-0000-0000
SeDMaFDtdoAzXidzZtGwRybIVKdPYrpY,000-0000-0000
yKqWckJADdQIRukRfsqUwSSFVmBjRUgM,000-0000-0000
oolyLReloIhvOYeENERgqcWglRiGtxOv,000-0000-0000
jqcLdqwdYlMVLMIlSlmznUGATRbUIovd,000-0000-0000
YPsWdfZKyCkZkvFaazsFqQOkJiaqtRMU,000-0000-0000
ErEptAlJGfjjCbCNXeBbjahQLyogGDwH,000-0000-0000
leSmLovhZfIfimqyEuBciLdGNHMbLRZk,000-0000-0000
veXzJTbyJcuDosIYyannEQnhNkNmPDQT,000-0000-0000
WCnBtgvCrABaVjRjMLViyrlDawhLyPca,000-0000-0000
ZVGcllmFFUMWBTOWGxkUwaKSwynWsYkj,000-0000-0000
KeRLrFPphWDhxzGSGRpiwsFuKUygqJfo,000-0000-0000
TcBuPqVHdgNDOHdOQhpJwVBRhHWQklkP,000-0000-0000
dfXAVhsvTAJVkectXzmMdtmOgxBOjkLY,000-0000-0000
KJcBGgoRvvERKWByRyYitcBhzdOizwSt,000-0000-0000
glMyMkmDfCLvYvAYCBZCObrBcobQIohd,000-0000-0000
nidBeYHlQmRLUvEQsVnpEovlzirkRBxX,000-0000-0000
MxTQqulTnPkzufDuZyJPtZMWjDMxgDki,000-0000-0000
LjsJJRMnuXleUucCBlvVfmUvfkbTnUer,000-0000-0000
dOrzHgvIcuPdVBCtDpmHSMzpjOshVNKE,000-0000-0000
jzvTdPvgGxJWrjqUCNQoeOIjFYDUdsgT,000-0000-0000
BCIHusrvUqIEXNgIQdznPeZNlUSUoMPK,000-0000-0000
jasBVAvHfQfbziXTMcOLaDHJZRilNgbN,000-0000-0000
zJMfoEaThCuQgPoOPrprAacDaDDbXlly,000-0000-0000
IVspOybVYXTIdvoPiDPHcrEAmAiJZdrp,000-0000-0000
vjKPUIihflDzgkTQGMPRczyadKknhyaa,000-0000-0000
JWocpjyvrBUZDmSghnVHKLLwjFBGzaOv,000-0000-0000
nGYebYKlmNCJefVdlScLzKYmxnsruQdl,000-0000-0000
AhHbjdeDKIdPJmTWXqLKqrDSwNeRIZjG,000-0000-0000
roxkofOPLjtFjapXkHzsSXhKCDEEARVs,000-0000-0000
ovpUalMDrCmYGLOgNiMUtLURfivpnBml,000-0000-0000
vsGcbhkhDsjCdRVtevfOoXfpAwcaRQXm,000-0000-0000
twaWocgkhvscfWrDCqFNEHEIjhANKdfv,000-0000-0000
rKpyNCUWLkBDrCrAAvkvPycRWfqyANCU,000-0000-0000
EXXGJBKUAMOJqTWPSENczNBNJOMKvYPt,000-0000-0000
XcrXwQXZeZqpioEfsUaONnfCzlblfVwk,000-0000-0000
gPkNCxfrqUFmmdBSPOyOUnmBbxDKaOft,000-0000-0000
ACbamLmIKgbmCTNyaayvJCwGQslACuGJ,000-0000-0000
duErhOvAItpqDwskqSUZbmVTTIKyAXQW,000-0000-0000
BNuGveenruzWAXZnxhHTiMfvNCwiSIcq,000-0000-0000
VhOPLNoLdiKJzVNjHAkSUAhLgBwKlQPq,000-0000-0000
Unknown
Unknown
Unknown
Unknown
Unknown
Unknown
Unknown
Unknown
Unknown
Unknown
Unknown
Unknown
Unknown
Unknown
Unknown
Unknown
Unknown
Unknown
Unknown
Unknown
Unknown
Unknown
Unknown
Unknown
Unknown
Unknown
Unknown
Unknown
Unknown
Unknown
Unknown
Unknown
Unknown
Unknown
Unknown
Unknown
Unknown
Unknown
Unknown
Unknown
Unknown
Unknown
Unknown
Unknown
Unknown
Unknown
Unknown
Unknown
Unknown
Unknown
